/*C12*/SET SCHEMA PUBLIC
drop table if exists events CASCADE 
create table events (id varchar(255) not null, alert boolean, duration bigint, host varchar(255), type varchar(255), primary key (id))
INSERT INTO EVENTS VALUES('scsmbstgra',FALSE,1491377495212,'12345','APPLICATION_LOG')
COMMIT
INSERT INTO EVENTS VALUES('scsmbstgrb',FALSE,1491377495213,NULL,NULL)
COMMIT
INSERT INTO EVENTS VALUES('scsmbstgrc',FALSE,1491377495218,NULL,NULL)
COMMIT
DELETE FROM EVENTS WHERE ID='scsmbstgra'
INSERT INTO EVENTS VALUES('scsmbstgra',TRUE,5,'12345','APPLICATION_LOG')
COMMIT
DELETE FROM EVENTS WHERE ID='scsmbstgrc'
INSERT INTO EVENTS VALUES('scsmbstgrc',TRUE,8,NULL,NULL)
COMMIT
DELETE FROM EVENTS WHERE ID='scsmbstgrb'
INSERT INTO EVENTS VALUES('scsmbstgrb',FALSE,3,NULL,NULL)
COMMIT
DISCONNECT
/*C13*/SET SCHEMA PUBLIC
DISCONNECT
/*C14*/SET SCHEMA PUBLIC
DISCONNECT
/*C15*/SET SCHEMA PUBLIC
DISCONNECT
/*C16*/SET SCHEMA PUBLIC
DISCONNECT
/*C17*/SET SCHEMA PUBLIC
DISCONNECT
/*C18*/SET SCHEMA PUBLIC
DISCONNECT
/*C19*/SET SCHEMA PUBLIC
DISCONNECT
/*C20*/SET SCHEMA PUBLIC
DISCONNECT
/*C21*/SET SCHEMA PUBLIC
DISCONNECT
